d:\github\chat_application\project3\debug\vc142.pdb
d:\github\chat_application\project3\debug\.netframework,version=v4.6.1.assemblyattributes.obj
d:\github\chat_application\project3\debug\userprofiledesc.obj
d:\github\chat_application\project3\debug\user.obj
d:\github\chat_application\project3\debug\userstory.obj
d:\github\chat_application\project3\debug\status.obj
d:\github\chat_application\project3\debug\sqlrepo.obj
d:\github\chat_application\project3\debug\main.obj
d:\github\chat_application\project3\debug\signup.obj
d:\github\chat_application\project3\debug\queryfilter.obj
d:\github\chat_application\project3\debug\pch.obj
d:\github\chat_application\project3\debug\signin.obj
d:\github\chat_application\project3\debug\messages.obj
d:\github\chat_application\project3\debug\global.obj
d:\github\chat_application\project3\debug\chatroom.obj
d:\github\chat_application\project3\debug\chatdata.obj
d:\github\chat_application\project3\debug\assemblyinfo.obj
d:\github\chat_application\debug\project3.exe
d:\github\chat_application\debug\project3.pdb
d:\github\chat_application\project3\debug\project3.chatroom.resources
d:\github\chat_application\project3\debug\project3.signin.resources
d:\github\chat_application\project3\debug\project3.signup.resources
d:\github\chat_application\project3\debug\project3.tlog\cl.command.1.tlog
d:\github\chat_application\project3\debug\project3.tlog\cl.read.1.tlog
d:\github\chat_application\project3\debug\project3.tlog\cl.write.1.tlog
d:\github\chat_application\project3\debug\project3.tlog\link.command.1.tlog
d:\github\chat_application\project3\debug\project3.tlog\link.read.1.tlog
d:\github\chat_application\project3\debug\project3.tlog\link.write.1.tlog
d:\github\chat_application\project3\debug\project3.tlog\metagen.read.1.tlog
d:\github\chat_application\project3\debug\project3.tlog\metagen.write.1.tlog
d:\github\chat_application\project3\debug\project3.tlog\project3.write.1u.tlog
